  [1m[36m (1.1ms)[0m  [1mCREATE TABLE "schema_migrations" ("version" varchar NOT NULL) [0m
  [1m[35m (0.1ms)[0m  select sqlite_version(*)
  [1m[36m (0.8ms)[0m  [1mCREATE UNIQUE INDEX "unique_schema_migrations" ON "schema_migrations" ("version")[0m
  [1m[35mActiveRecord::SchemaMigration Load (0.1ms)[0m  SELECT "schema_migrations".* FROM "schema_migrations"
Migrating to CreateUsers (20150619002108)
  [1m[36m (0.1ms)[0m  [1mbegin transaction[0m
  [1m[35m (0.3ms)[0m  CREATE TABLE "users" ("id" INTEGER PRIMARY KEY AUTOINCREMENT NOT NULL, "name" varchar, "created_at" datetime NOT NULL, "updated_at" datetime NOT NULL) 
  [1m[36mSQL (0.2ms)[0m  [1mINSERT INTO "schema_migrations" ("version") VALUES (?)[0m  [["version", "20150619002108"]]
  [1m[35m (0.7ms)[0m  commit transaction
Migrating to CreateComments (20150619002156)
  [1m[36m (0.0ms)[0m  [1mbegin transaction[0m
  [1m[35m (0.2ms)[0m  CREATE TABLE "comments" ("id" INTEGER PRIMARY KEY AUTOINCREMENT NOT NULL, "title" varchar, "commentable_id" integer, "commentable_type" varchar, "user_id" integer, "created_at" datetime NOT NULL, "updated_at" datetime NOT NULL) 
  [1m[36mSQL (0.1ms)[0m  [1mINSERT INTO "schema_migrations" ("version") VALUES (?)[0m  [["version", "20150619002156"]]
  [1m[35m (0.6ms)[0m  commit transaction
Migrating to CreateTags (20150619002203)
  [1m[36m (0.0ms)[0m  [1mbegin transaction[0m
  [1m[35m (0.2ms)[0m  CREATE TABLE "tags" ("id" INTEGER PRIMARY KEY AUTOINCREMENT NOT NULL, "title" varchar, "user_id" integer, "taggable_id" integer, "taggable_type" varchar, "created_at" datetime NOT NULL, "updated_at" datetime NOT NULL) 
  [1m[36mSQL (0.1ms)[0m  [1mINSERT INTO "schema_migrations" ("version") VALUES (?)[0m  [["version", "20150619002203"]]
  [1m[35m (0.7ms)[0m  commit transaction
Migrating to CreateChallenges (20150619002219)
  [1m[36m (0.0ms)[0m  [1mbegin transaction[0m
  [1m[35m (0.2ms)[0m  CREATE TABLE "challenges" ("id" INTEGER PRIMARY KEY AUTOINCREMENT NOT NULL, "title" varchar, "user_id" integer, "created_at" datetime NOT NULL, "updated_at" datetime NOT NULL) 
  [1m[36mSQL (0.1ms)[0m  [1mINSERT INTO "schema_migrations" ("version") VALUES (?)[0m  [["version", "20150619002219"]]
  [1m[35m (0.7ms)[0m  commit transaction
Migrating to CreateSolutions (20150619002228)
  [1m[36m (0.0ms)[0m  [1mbegin transaction[0m
  [1m[35m (0.2ms)[0m  CREATE TABLE "solutions" ("id" INTEGER PRIMARY KEY AUTOINCREMENT NOT NULL, "title" varchar, "user_id" integer, "challenge_id" integer, "created_at" datetime NOT NULL, "updated_at" datetime NOT NULL) 
  [1m[36mSQL (0.1ms)[0m  [1mINSERT INTO "schema_migrations" ("version") VALUES (?)[0m  [["version", "20150619002228"]]
  [1m[35m (0.7ms)[0m  commit transaction
Migrating to CreateEvents (20150619002235)
  [1m[36m (0.0ms)[0m  [1mbegin transaction[0m
  [1m[35m (0.2ms)[0m  CREATE TABLE "events" ("id" INTEGER PRIMARY KEY AUTOINCREMENT NOT NULL, "title" varchar, "user_id" integer, "created_at" datetime NOT NULL, "updated_at" datetime NOT NULL) 
  [1m[36mSQL (0.1ms)[0m  [1mINSERT INTO "schema_migrations" ("version") VALUES (?)[0m  [["version", "20150619002235"]]
  [1m[35m (0.7ms)[0m  commit transaction
  [1m[36mActiveRecord::SchemaMigration Load (0.1ms)[0m  [1mSELECT "schema_migrations".* FROM "schema_migrations"[0m
  [1m[36m (1.6ms)[0m  [1mCREATE TABLE "schema_migrations" ("version" varchar NOT NULL) [0m
  [1m[35m (0.1ms)[0m  select sqlite_version(*)
  [1m[36m (1.1ms)[0m  [1mCREATE UNIQUE INDEX "unique_schema_migrations" ON "schema_migrations" ("version")[0m
  [1m[35mActiveRecord::SchemaMigration Load (0.1ms)[0m  SELECT "schema_migrations".* FROM "schema_migrations"
Migrating to CreateUsers (20150619002108)
  [1m[36m (0.1ms)[0m  [1mbegin transaction[0m
  [1m[35m (0.3ms)[0m  CREATE TABLE "users" ("id" INTEGER PRIMARY KEY AUTOINCREMENT NOT NULL, "name" varchar, "created_at" datetime NOT NULL, "updated_at" datetime NOT NULL) 
  [1m[36mSQL (0.1ms)[0m  [1mINSERT INTO "schema_migrations" ("version") VALUES (?)[0m  [["version", "20150619002108"]]
  [1m[35m (0.7ms)[0m  commit transaction
Migrating to CreateComments (20150619002156)
  [1m[36m (0.0ms)[0m  [1mbegin transaction[0m
  [1m[35m (0.2ms)[0m  CREATE TABLE "comments" ("id" INTEGER PRIMARY KEY AUTOINCREMENT NOT NULL, "title" varchar, "commentable_id" integer, "commentable_type" varchar, "user_id" integer, "created_at" datetime NOT NULL, "updated_at" datetime NOT NULL) 
  [1m[36mSQL (0.1ms)[0m  [1mINSERT INTO "schema_migrations" ("version") VALUES (?)[0m  [["version", "20150619002156"]]
  [1m[35m (0.7ms)[0m  commit transaction
Migrating to CreateTags (20150619002203)
  [1m[36m (0.0ms)[0m  [1mbegin transaction[0m
  [1m[35m (0.2ms)[0m  CREATE TABLE "tags" ("id" INTEGER PRIMARY KEY AUTOINCREMENT NOT NULL, "title" varchar, "user_id" integer, "taggable_id" integer, "taggable_type" varchar, "created_at" datetime NOT NULL, "updated_at" datetime NOT NULL) 
  [1m[36mSQL (0.1ms)[0m  [1mINSERT INTO "schema_migrations" ("version") VALUES (?)[0m  [["version", "20150619002203"]]
  [1m[35m (0.7ms)[0m  commit transaction
Migrating to CreateChallenges (20150619002219)
  [1m[36m (0.0ms)[0m  [1mbegin transaction[0m
  [1m[35m (0.2ms)[0m  CREATE TABLE "challenges" ("id" INTEGER PRIMARY KEY AUTOINCREMENT NOT NULL, "title" varchar, "user_id" integer, "created_at" datetime NOT NULL, "updated_at" datetime NOT NULL) 
  [1m[36mSQL (0.1ms)[0m  [1mINSERT INTO "schema_migrations" ("version") VALUES (?)[0m  [["version", "20150619002219"]]
  [1m[35m (0.7ms)[0m  commit transaction
Migrating to CreateSolutions (20150619002228)
  [1m[36m (0.0ms)[0m  [1mbegin transaction[0m
  [1m[35m (0.2ms)[0m  CREATE TABLE "solutions" ("id" INTEGER PRIMARY KEY AUTOINCREMENT NOT NULL, "title" varchar, "user_id" integer, "challenge_id" integer, "created_at" datetime NOT NULL, "updated_at" datetime NOT NULL) 
  [1m[36mSQL (0.1ms)[0m  [1mINSERT INTO "schema_migrations" ("version") VALUES (?)[0m  [["version", "20150619002228"]]
  [1m[35m (0.7ms)[0m  commit transaction
Migrating to CreateEvents (20150619002235)
  [1m[36m (0.0ms)[0m  [1mbegin transaction[0m
  [1m[35m (0.2ms)[0m  CREATE TABLE "events" ("id" INTEGER PRIMARY KEY AUTOINCREMENT NOT NULL, "title" varchar, "user_id" integer, "created_at" datetime NOT NULL, "updated_at" datetime NOT NULL) 
  [1m[36mSQL (0.1ms)[0m  [1mINSERT INTO "schema_migrations" ("version") VALUES (?)[0m  [["version", "20150619002235"]]
  [1m[35m (0.7ms)[0m  commit transaction
  [1m[36mActiveRecord::SchemaMigration Load (0.1ms)[0m  [1mSELECT "schema_migrations".* FROM "schema_migrations"[0m
  [1m[36mUser Load (0.9ms)[0m  [1mSELECT "users".* FROM "users"[0m
  [1m[35m (0.1ms)[0m  begin transaction
  [1m[36mSQL (0.3ms)[0m  [1mINSERT INTO "users" ("name", "created_at", "updated_at") VALUES (?, ?, ?)[0m  [["name", "Erica"], ["created_at", "2015-06-19 00:41:52.853052"], ["updated_at", "2015-06-19 00:41:52.853052"]]
  [1m[35m (1.3ms)[0m  commit transaction
  [1m[36m (0.0ms)[0m  [1mbegin transaction[0m
  [1m[35mSQL (0.3ms)[0m  INSERT INTO "events" ("title", "user_id", "created_at", "updated_at") VALUES (?, ?, ?, ?)  [["title", "Erica's Birthday Party"], ["user_id", 1], ["created_at", "2015-06-19 00:42:24.648986"], ["updated_at", "2015-06-19 00:42:24.648986"]]
  [1m[36m (0.7ms)[0m  [1mcommit transaction[0m
  [1m[35m (0.1ms)[0m  begin transaction
  [1m[36mSQL (0.3ms)[0m  [1mINSERT INTO "events" ("title", "user_id", "created_at", "updated_at") VALUES (?, ?, ?, ?)[0m  [["title", "Going to Paul's Mascarade"], ["user_id", 1], ["created_at", "2015-06-19 00:42:49.524774"], ["updated_at", "2015-06-19 00:42:49.524774"]]
  [1m[35m (1.5ms)[0m  commit transaction
  [1m[36mEvent Load (0.3ms)[0m  [1mSELECT  "events".* FROM "events"  ORDER BY "events"."id" ASC LIMIT 1[0m
  [1m[35mEvent Load (0.2ms)[0m  SELECT  "events".* FROM "events"  ORDER BY "events"."id" DESC LIMIT 1
  [1m[36mTag Load (0.5ms)[0m  [1mSELECT "tags".* FROM "tags" WHERE "tags"."taggable_id" = ? AND "tags"."taggable_type" = ?[0m  [["taggable_id", 2], ["taggable_type", "Event"]]
  [1m[35m (0.1ms)[0m  begin transaction
  [1m[36mSQL (0.3ms)[0m  [1mINSERT INTO "tags" ("title", "taggable_id", "taggable_type", "created_at", "updated_at") VALUES (?, ?, ?, ?, ?)[0m  [["title", "Fun"], ["taggable_id", 2], ["taggable_type", "Event"], ["created_at", "2015-06-19 00:44:23.102350"], ["updated_at", "2015-06-19 00:44:23.102350"]]
  [1m[35m (1.6ms)[0m  commit transaction
  [1m[36mTag Load (0.3ms)[0m  [1mSELECT  "tags".* FROM "tags"  ORDER BY "tags"."id" ASC LIMIT 1[0m
  [1m[35mEvent Load (0.2ms)[0m  SELECT  "events".* FROM "events"  ORDER BY "events"."id" DESC LIMIT 1
  [1m[36mEvent Load (0.2ms)[0m  [1mSELECT  "events".* FROM "events"  ORDER BY "events"."id" DESC LIMIT 1[0m
  [1m[35m (0.1ms)[0m  begin transaction
  [1m[36mSQL (0.3ms)[0m  [1mINSERT INTO "tags" ("taggable_id", "taggable_type", "created_at", "updated_at") VALUES (?, ?, ?, ?)[0m  [["taggable_id", 2], ["taggable_type", "Event"], ["created_at", "2015-06-19 00:46:29.182611"], ["updated_at", "2015-06-19 00:46:29.182611"]]
  [1m[35m (1.5ms)[0m  commit transaction
  [1m[36mEvent Load (0.2ms)[0m  [1mSELECT  "events".* FROM "events"  ORDER BY "events"."id" DESC LIMIT 1[0m
  [1m[35m (0.1ms)[0m  begin transaction
  [1m[36mSQL (0.3ms)[0m  [1mINSERT INTO "tags" ("user_id", "taggable_id", "taggable_type", "created_at", "updated_at") VALUES (?, ?, ?, ?, ?)[0m  [["user_id", 1], ["taggable_id", 2], ["taggable_type", "Event"], ["created_at", "2015-06-19 00:46:59.469170"], ["updated_at", "2015-06-19 00:46:59.469170"]]
  [1m[35m (0.7ms)[0m  commit transaction
  [1m[36mTag Load (0.2ms)[0m  [1mSELECT "tags".* FROM "tags"[0m
  [1m[35mTag Load (0.3ms)[0m  SELECT  "tags".* FROM "tags" WHERE "tags"."id" = ? LIMIT 1  [["id", 3]]
  [1m[36mTag Load (0.1ms)[0m  [1mSELECT  "tags".* FROM "tags" WHERE "tags"."id" = ? LIMIT 1[0m  [["id", 3]]
  [1m[35mTag Load (0.2ms)[0m  SELECT "tags".* FROM "tags"
  [1m[36mTag Load (0.2ms)[0m  [1mSELECT  "tags".* FROM "tags" WHERE "tags"."id" = ? LIMIT 1[0m  [["id", 2]]
  [1m[35m (0.1ms)[0m  begin transaction
  [1m[36mSQL (0.3ms)[0m  [1mDELETE FROM "tags" WHERE "tags"."id" = ?[0m  [["id", 2]]
  [1m[35m (1.5ms)[0m  commit transaction
  [1m[36mTag Load (0.2ms)[0m  [1mSELECT "tags".* FROM "tags"[0m
  [1m[35mTag Load (0.2ms)[0m  SELECT  "tags".* FROM "tags" WHERE "tags"."id" = ? LIMIT 1  [["id", 1]]
  [1m[36mTag Load (0.2ms)[0m  [1mSELECT "tags".* FROM "tags"[0m
  [1m[35mTag Load (0.2ms)[0m  SELECT  "tags".* FROM "tags" WHERE "tags"."id" = ? LIMIT 1  [["id", 1]]
  [1m[36mTag Load (0.1ms)[0m  [1mSELECT  "tags".* FROM "tags" WHERE "tags"."id" = ? LIMIT 1[0m  [["id", 1]]
  [1m[35m (0.1ms)[0m  begin transaction
  [1m[36m (0.1ms)[0m  [1mcommit transaction[0m
  [1m[35mTag Load (0.2ms)[0m  SELECT "tags".* FROM "tags"
  [1m[36mTag Load (0.2ms)[0m  [1mSELECT  "tags".* FROM "tags" WHERE "tags"."id" = ? LIMIT 1[0m  [["id", 3]]
  [1m[35mTag Load (0.2ms)[0m  SELECT  "tags".* FROM "tags" WHERE "tags"."id" = ? LIMIT 1  [["id", 3]]
  [1m[36m (0.1ms)[0m  [1mbegin transaction[0m
  [1m[35m (0.1ms)[0m  commit transaction
  [1m[36mTag Load (0.2ms)[0m  [1mSELECT "tags".* FROM "tags"[0m
  [1m[36m (1.0ms)[0m  [1mCREATE TABLE "schema_migrations" ("version" varchar NOT NULL) [0m
  [1m[35m (0.0ms)[0m  select sqlite_version(*)
  [1m[36m (0.8ms)[0m  [1mCREATE UNIQUE INDEX "unique_schema_migrations" ON "schema_migrations" ("version")[0m
  [1m[35mActiveRecord::SchemaMigration Load (0.1ms)[0m  SELECT "schema_migrations".* FROM "schema_migrations"
Migrating to CreateUsers (20150619002108)
  [1m[36m (0.0ms)[0m  [1mbegin transaction[0m
  [1m[35m (0.2ms)[0m  CREATE TABLE "users" ("id" INTEGER PRIMARY KEY AUTOINCREMENT NOT NULL, "name" varchar, "created_at" datetime NOT NULL, "updated_at" datetime NOT NULL) 
  [1m[36mSQL (0.2ms)[0m  [1mINSERT INTO "schema_migrations" ("version") VALUES (?)[0m  [["version", "20150619002108"]]
  [1m[35m (0.6ms)[0m  commit transaction
Migrating to CreateComments (20150619002156)
  [1m[36m (0.1ms)[0m  [1mbegin transaction[0m
  [1m[35m (0.3ms)[0m  CREATE TABLE "comments" ("id" INTEGER PRIMARY KEY AUTOINCREMENT NOT NULL, "title" varchar, "commentable_id" integer, "commentable_type" varchar, "user_id" integer, "created_at" datetime NOT NULL, "updated_at" datetime NOT NULL) 
  [1m[36mSQL (0.1ms)[0m  [1mINSERT INTO "schema_migrations" ("version") VALUES (?)[0m  [["version", "20150619002156"]]
  [1m[35m (0.5ms)[0m  commit transaction
Migrating to CreateTags (20150619002203)
  [1m[36m (0.0ms)[0m  [1mbegin transaction[0m
  [1m[35m (0.2ms)[0m  CREATE TABLE "tags" ("id" INTEGER PRIMARY KEY AUTOINCREMENT NOT NULL, "title" varchar, "user_id" integer, "taggable_id" integer, "taggable_type" varchar, "created_at" datetime NOT NULL, "updated_at" datetime NOT NULL) 
  [1m[36mSQL (0.1ms)[0m  [1mINSERT INTO "schema_migrations" ("version") VALUES (?)[0m  [["version", "20150619002203"]]
  [1m[35m (0.6ms)[0m  commit transaction
Migrating to CreateChallenges (20150619002219)
  [1m[36m (0.0ms)[0m  [1mbegin transaction[0m
  [1m[35m (0.2ms)[0m  CREATE TABLE "challenges" ("id" INTEGER PRIMARY KEY AUTOINCREMENT NOT NULL, "title" varchar, "user_id" integer, "created_at" datetime NOT NULL, "updated_at" datetime NOT NULL) 
  [1m[36mSQL (0.1ms)[0m  [1mINSERT INTO "schema_migrations" ("version") VALUES (?)[0m  [["version", "20150619002219"]]
  [1m[35m (0.7ms)[0m  commit transaction
Migrating to CreateSolutions (20150619002228)
  [1m[36m (0.0ms)[0m  [1mbegin transaction[0m
  [1m[35m (0.2ms)[0m  CREATE TABLE "solutions" ("id" INTEGER PRIMARY KEY AUTOINCREMENT NOT NULL, "title" varchar, "user_id" integer, "challenge_id" integer, "created_at" datetime NOT NULL, "updated_at" datetime NOT NULL) 
  [1m[36mSQL (0.2ms)[0m  [1mINSERT INTO "schema_migrations" ("version") VALUES (?)[0m  [["version", "20150619002228"]]
  [1m[35m (0.6ms)[0m  commit transaction
Migrating to CreateEvents (20150619002235)
  [1m[36m (0.0ms)[0m  [1mbegin transaction[0m
  [1m[35m (0.2ms)[0m  CREATE TABLE "events" ("id" INTEGER PRIMARY KEY AUTOINCREMENT NOT NULL, "title" varchar, "user_id" integer, "created_at" datetime NOT NULL, "updated_at" datetime NOT NULL) 
  [1m[36mSQL (0.1ms)[0m  [1mINSERT INTO "schema_migrations" ("version") VALUES (?)[0m  [["version", "20150619002235"]]
  [1m[35m (0.6ms)[0m  commit transaction
  [1m[36mActiveRecord::SchemaMigration Load (0.1ms)[0m  [1mSELECT "schema_migrations".* FROM "schema_migrations"[0m
  [1m[36mUser Load (37.9ms)[0m  [1mSELECT "users".* FROM "users"[0m
  [1m[35m (0.2ms)[0m  begin transaction
  [1m[36mSQL (1.6ms)[0m  [1mINSERT INTO "users" ("name", "created_at", "updated_at") VALUES (?, ?, ?)[0m  [["name", "Erica"], ["created_at", "2015-06-19 01:01:10.202774"], ["updated_at", "2015-06-19 01:01:10.202774"]]
  [1m[35m (0.8ms)[0m  commit transaction
  [1m[36m (0.0ms)[0m  [1mbegin transaction[0m
  [1m[35mSQL (0.6ms)[0m  INSERT INTO "events" ("title", "user_id", "created_at", "updated_at") VALUES (?, ?, ?, ?)  [["title", "BDay Party"], ["user_id", 1], ["created_at", "2015-06-19 01:01:30.482401"], ["updated_at", "2015-06-19 01:01:30.482401"]]
  [1m[36m (0.7ms)[0m  [1mcommit transaction[0m
  [1m[35m (0.1ms)[0m  begin transaction
  [1m[36mSQL (0.4ms)[0m  [1mINSERT INTO "events" ("title", "user_id", "created_at", "updated_at") VALUES (?, ?, ?, ?)[0m  [["title", "MaskParty for Paul"], ["user_id", 1], ["created_at", "2015-06-19 01:02:08.186874"], ["updated_at", "2015-06-19 01:02:08.186874"]]
  [1m[35m (2.9ms)[0m  commit transaction
  [1m[36mEvent Load (0.3ms)[0m  [1mSELECT  "events".* FROM "events"  ORDER BY "events"."id" ASC LIMIT 1[0m
  [1m[35mEvent Load (0.2ms)[0m  SELECT  "events".* FROM "events"  ORDER BY "events"."id" DESC LIMIT 1
  [1m[36m (0.1ms)[0m  [1mbegin transaction[0m
  [1m[35mSQL (0.8ms)[0m  INSERT INTO "tags" ("title", "user_id", "taggable_id", "taggable_type", "created_at", "updated_at") VALUES (?, ?, ?, ?, ?, ?)  [["title", "Fun"], ["user_id", 1], ["taggable_id", 1], ["taggable_type", "Event"], ["created_at", "2015-06-19 01:03:34.159153"], ["updated_at", "2015-06-19 01:03:34.159153"]]
  [1m[36m (0.8ms)[0m  [1mcommit transaction[0m
  [1m[35m (0.1ms)[0m  begin transaction
  [1m[36mSQL (0.3ms)[0m  [1mINSERT INTO "tags" ("title", "user_id", "taggable_id", "taggable_type", "created_at", "updated_at") VALUES (?, ?, ?, ?, ?, ?)[0m  [["title", "Fun"], ["user_id", 1], ["taggable_id", 2], ["taggable_type", "Event"], ["created_at", "2015-06-19 01:04:56.889659"], ["updated_at", "2015-06-19 01:04:56.889659"]]
  [1m[35m (1.5ms)[0m  commit transaction
  [1m[36m (0.1ms)[0m  [1mbegin transaction[0m
  [1m[35mSQL (0.3ms)[0m  INSERT INTO "tags" ("title", "user_id", "taggable_id", "taggable_type", "created_at", "updated_at") VALUES (?, ?, ?, ?, ?, ?)  [["title", "Spooky"], ["user_id", 1], ["taggable_id", 2], ["taggable_type", "Event"], ["created_at", "2015-06-19 01:05:12.688660"], ["updated_at", "2015-06-19 01:05:12.688660"]]
  [1m[36m (1.5ms)[0m  [1mcommit transaction[0m
  [1m[35mTag Load (0.7ms)[0m  SELECT "tags".* FROM "tags" WHERE (Fun)
SQLite3::SQLException: no such column: Fun: SELECT "tags".* FROM "tags" WHERE (Fun)
  [1m[36mTag Load (0.6ms)[0m  [1mSELECT "tags".* FROM "tags" WHERE (title = Fun)[0m
SQLite3::SQLException: no such column: Fun: SELECT "tags".* FROM "tags" WHERE (title = Fun)
  [1m[35mTag Load (0.6ms)[0m  SELECT "tags".* FROM "tags" WHERE (title = Fun)
SQLite3::SQLException: no such column: Fun: SELECT "tags".* FROM "tags" WHERE (title = Fun)
  [1m[36mTag Load (0.2ms)[0m  [1mSELECT "tags".* FROM "tags" WHERE "tags"."title" = ?[0m  [["title", "Fun"]]
  [1m[35mTag Load (0.2ms)[0m  SELECT "tags".* FROM "tags"
  [1m[36mTag Load (0.2ms)[0m  [1mSELECT "tags".* FROM "tags" WHERE "tags"."title" = ?[0m  [["title", "Fun"]]
  [1m[35m (0.1ms)[0m  begin transaction
  [1m[36mSQL (0.5ms)[0m  [1mINSERT INTO "challenges" ("title", "user_id", "created_at", "updated_at") VALUES (?, ?, ?, ?)[0m  [["title", "Arrays"], ["user_id", 1], ["created_at", "2015-06-19 01:12:12.338192"], ["updated_at", "2015-06-19 01:12:12.338192"]]
  [1m[35m (0.5ms)[0m  commit transaction
  [1m[36m (0.1ms)[0m  [1mbegin transaction[0m
  [1m[35mSQL (1.2ms)[0m  INSERT INTO "challenges" ("title", "user_id", "created_at", "updated_at") VALUES (?, ?, ?, ?)  [["title", "Hashes"], ["user_id", 1], ["created_at", "2015-06-19 01:12:40.250541"], ["updated_at", "2015-06-19 01:12:40.250541"]]
  [1m[36m (1.7ms)[0m  [1mcommit transaction[0m
  [1m[36mUser Load (34.5ms)[0m  [1mSELECT "users".* FROM "users"[0m
  [1m[35mSolution Load (0.2ms)[0m  SELECT "solutions".* FROM "solutions"
  [1m[36mChallenge Load (0.3ms)[0m  [1mSELECT  "challenges".* FROM "challenges"  ORDER BY "challenges"."id" ASC LIMIT 1[0m
  [1m[35m (0.2ms)[0m  begin transaction
  [1m[36mSQL (0.3ms)[0m  [1mINSERT INTO "solutions" ("title", "user_id", "challenge_id", "created_at", "updated_at") VALUES (?, ?, ?, ?, ?)[0m  [["title", "arrayss"], ["user_id", 1], ["challenge_id", 1], ["created_at", "2015-06-19 01:16:36.837228"], ["updated_at", "2015-06-19 01:16:36.837228"]]
  [1m[35m (0.6ms)[0m  commit transaction
  [1m[36mUser Load (0.3ms)[0m  [1mSELECT  "users".* FROM "users"  ORDER BY "users"."id" ASC LIMIT 1[0m
  [1m[35mUser Load (0.2ms)[0m  SELECT  "users".* FROM "users"  ORDER BY "users"."id" ASC LIMIT 1
  [1m[36mChallenge Load (0.2ms)[0m  [1mSELECT "challenges".* FROM "challenges" WHERE "challenges"."user_id" = ?[0m  [["user_id", 1]]
  [1m[35mUser Load (0.2ms)[0m  SELECT  "users".* FROM "users"  ORDER BY "users"."id" ASC LIMIT 1
  [1m[36mChallenge Load (0.2ms)[0m  [1mSELECT  "challenges".* FROM "challenges" WHERE "challenges"."user_id" = ?  ORDER BY "challenges"."id" ASC LIMIT 1[0m  [["user_id", 1]]
  [1m[35mUser Load (0.2ms)[0m  SELECT  "users".* FROM "users"  ORDER BY "users"."id" ASC LIMIT 1
  [1m[36mChallenge Load (0.1ms)[0m  [1mSELECT  "challenges".* FROM "challenges" WHERE "challenges"."user_id" = ?  ORDER BY "challenges"."id" ASC LIMIT 1[0m  [["user_id", 1]]
  [1m[35mSolution Load (0.1ms)[0m  SELECT "solutions".* FROM "solutions" WHERE "solutions"."challenge_id" = ?  [["challenge_id", 1]]
